UIAppTemplate/build/outputs/logs/manifest-merger-debug-report.txt
-- Merging decision tree log ---
manifest
ADDED from magic-8-ball-android-vvklr\UIAppTemplate\AndroidManifest.xml:2:1-174:12
INJECTED from magic-8-ball-android-vvklr\UIAppTemplate\AndroidManifest.xml:2:1-174:12
INJECTED from magic-8-ball-android-vvklr\UIAppTemplate\AndroidManifest.xml:2:1-174:12
INJECTED from magic-8-ball-android-vvklr\UIAppTemplate\AndroidManifest.xml:2:1-174:12
MERGED from [:StickyListHeaders] AndroidManifest.xml:2:1-9:12
MERGED from [com.android.support:appcompat-v7:26.1.0] AndroidManifest.xml:17:1-31:12
MERGED from [com.google.firebase:firebase-messaging:17.3.4] AndroidManifest.xml:17:1-37:12
MERGED from [com.android.support:animated-vector-drawable:26.1.0] AndroidManifest.xml:17:1-28:12
MERGED from [com.android.support:support-vector-drawable:26.1.0] AndroidManifest.xml:17:1-28:12
MERGED from [com.google.firebase:firebase-iid:17.0.4] AndroidManifest.xml:17:1-59:12
MERGED from [com.google.firebase:firebase-common:16.0.3] AndroidManifest.xml:2:1-17:12
MERGED from [com.google.firebase:firebase-iid-interop:16.0.1] AndroidManifest.xml:2:1-10:12
MERGED from [com.google.android.gms:play-services-base:16.0.1] AndroidManifest.xml:17:1-29:12
MERGED from [com.google.android.gms:play-services-tasks:16.0.1] AndroidManifest.xml:2:1-9:12
MERGED from [com.google.firebase:firebase-measurement-connector:17.0.1] AndroidManifest.xml:17:1-25:12
MERGED from [com.google.android.gms:play-services-stats:16.0.1] AndroidManifest.xml:2:1-9:12
MERGED from [com.google.android.gms:play-services-basement:16.0.1] AndroidManifest.xml:17:1-28:12
MERGED from [com.android.support:support-v4:26.1.0] AndroidManifest.xml:17:1-31:12
MERGED from [com.android.support:support-media-compat:26.1.0] AndroidManifest.xml:17:1-31:12
MERGED from [com.android.support:support-fragment:26.1.0] AndroidManifest.xml:17:1-31:12
MERGED from [com.android.support:support-core-utils:26.1.0] AndroidManifest.xml:17:1-31:12
MERGED from [com.android.support:support-core-ui:26.1.0] AndroidManifest.xml:17:1-31:12
MERGED from [com.android.support:support-compat:26.1.0] AndroidManifest.xml:17:1-31:12
MERGED from [android.arch.lifecycle:runtime:1.0.0] AndroidManifest.xml:17:1-30:12
INJECTED from magic-8-ball-android-vvklr\UIAppTemplate\AndroidManifest.xml:2:1-174:12
INJECTED from magic-8-ball-android-vvklr\UIAppTemplate\AndroidManifest.xml:2:1-174:12
INJECTED from magic-8-ball-android-vvklr\UIAppTemplate\AndroidManifest.xml:2:1-174:12
	package
		ADDED from magic-8-ball-android-vvklr\UIAppTemplate\AndroidManifest.xml:3:5-47
		INJECTED from magic-8-ball-android-vvklr\UIAppTemplate\AndroidManifest.xml
		INJECTED from magic-8-ball-android-vvklr\UIAppTemplate\AndroidManifest.xml
	android:versionName
		ADDED from magic-8-ball-android-vvklr\UIAppTemplate\AndroidManifest.xml:5:5-32
		INJECTED from magic-8-ball-android-vvklr\UIAppTemplate\AndroidManifest.xml
		INJECTED from magic-8-ball-android-vvklr\UIAppTemplate\AndroidManifest.xml
	xmlns:android
		ADDED from magic-8-ball-android-vvklr\UIAppTemplate\AndroidManifest.xml:2:11-69
	android:versionCode
		ADDED from magic-8-ball-android-vvklr\UIAppTemplate\AndroidManifest.xml:4:5-29
		INJECTED from magic-8-ball-android-vvklr\UIAppTemplate\AndroidManifest.xml
		INJECTED from magic-8-ball-android-vvklr\UIAppTemplate\AndroidManifest.xml
uses-sdk
ADDED from magic-8-ball-android-vvklr\UIAppTemplate\AndroidManifest.xml:7:5-47
INJECTED from magic-8-ball-android-vvklr\UIAppTemplate\AndroidManifest.xml:7:5-47
INJECTED from magic-8-ball-android-vvklr\UIAppTemplate\AndroidManifest.xml:7:5-47
MERGED from [:StickyListHeaders] AndroidManifest.xml:7:5-47
MERGED from [:StickyListHeaders] AndroidManifest.xml:7:5-47
MERGED from [com.android.support:appcompat-v7:26.1.0] AndroidManifest.xml:21:5-23:78
MERGED from [com.android.support:appcompat-v7:26.1.0] AndroidManifest.xml:21:5-23:78
MERGED from [com.google.firebase:firebase-messaging:17.3.4] AndroidManifest.xml:20:5-44
MERGED from [com.google.firebase:firebase-messaging:17.3.4] AndroidManifest.xml:20:5-44
MERGED from [com.android.support:animated-vector-drawable:26.1.0] AndroidManifest.xml:20:5-44
MERGED from [com.android.support:animated-vector-drawable:26.1.0] AndroidManifest.xml:20:5-44
MERGED from [com.android.support:support-vector-drawable:26.1.0] AndroidManifest.xml:20:5-44
MERGED from [com.android.support:support-vector-drawable:26.1.0] AndroidManifest.xml:20:5-44
MERGED from [com.google.firebase:firebase-iid:17.0.4] AndroidManifest.xml:20:5-44
MERGED from [com.google.firebase:firebase-iid:17.0.4] AndroidManifest.xml:20:5-44
MERGED from [com.google.firebase:firebase-common:16.0.3] AndroidManifest.xml:5:5-7:41
MERGED from [com.google.firebase:firebase-common:16.0.3] AndroidManifest.xml:5:5-7:41
MERGED from [com.google.firebase:firebase-iid-interop:16.0.1] AndroidManifest.xml:5:5-44
MERGED from [com.google.firebase:firebase-iid-interop:16.0.1] AndroidManifest.xml:5:5-44
MERGED from [com.google.android.gms:play-services-base:16.0.1] AndroidManifest.xml:20:5-44
MERGED from [com.google.android.gms:play-services-base:16.0.1] AndroidManifest.xml:20:5-44
MERGED from [com.google.android.gms:play-services-tasks:16.0.1] AndroidManifest.xml:5:5-44
MERGED from [com.google.android.gms:play-services-tasks:16.0.1] AndroidManifest.xml:5:5-44
MERGED from [com.google.firebase:firebase-measurement-connector:17.0.1] AndroidManifest.xml:20:5-44
MERGED from [com.google.firebase:firebase-measurement-connector:17.0.1] AndroidManifest.xml:20:5-44
MERGED from [com.google.android.gms:play-services-stats:16.0.1] AndroidManifest.xml:5:5-44
MERGED from [com.google.android.gms:play-services-stats:16.0.1] AndroidManifest.xml:5:5-44
MERGED from [com.google.android.gms:play-services-basement:16.0.1] AndroidManifest.xml:20:5-44
MERGED from [com.google.android.gms:play-services-basement:16.0.1] AndroidManifest.xml:20:5-44
MERGED from [com.android.support:support-v4:26.1.0] AndroidManifest.xml:21:5-23:54
MERGED from [com.android.support:support-v4:26.1.0] AndroidManifest.xml:21:5-23:54
MERGED from [com.android.support:support-media-compat:26.1.0] AndroidManifest.xml:21:5-23:63
MERGED from [com.android.support:support-media-compat:26.1.0] AndroidManifest.xml:21:5-23:63
MERGED from [com.android.support:support-fragment:26.1.0] AndroidManifest.xml:21:5-23:60
MERGED from [com.android.support:support-fragment:26.1.0] AndroidManifest.xml:21:5-23:60
MERGED from [com.android.support:support-core-utils:26.1.0] AndroidManifest.xml:21:5-23:61
MERGED from [com.android.support:support-core-utils:26.1.0] AndroidManifest.xml:21:5-23:61
MERGED from [com.android.support:support-core-ui:26.1.0] AndroidManifest.xml:21:5-23:58
MERGED from [com.android.support:support-core-ui:26.1.0] AndroidManifest.xml:21:5-23:58
MERGED from [com.android.support:support-compat:26.1.0] AndroidManifest.xml:21:5-23:58
MERGED from [com.android.support:support-compat:26.1.0] AndroidManifest.xml:21:5-23:58
MERGED from [android.arch.lifecycle:runtime:1.0.0] AndroidManifest.xml:20:5-22:41
MERGED from [android.arch.lifecycle:runtime:1.0.0] AndroidManifest.xml:20:5-22:41
INJECTED from magic-8-ball-android-vvklr\UIAppTemplate\AndroidManifest.xml:7:5-47
INJECTED from magic-8-ball-android-vvklr\UIAppTemplate\AndroidManifest.xml:7:5-47
	tools:overrideLibrary
		ADDED from [com.android.support:appcompat-v7:26.1.0] AndroidManifest.xml:23:9-75
	android:targetSdkVersion
		ADDED from magic-8-ball-android-vvklr\UIAppTemplate\AndroidManifest.xml:7:15-44
		INJECTED from magic-8-ball-android-vvklr\UIAppTemplate\AndroidManifest.xml
		INJECTED from magic-8-ball-android-vvklr\UIAppTemplate\AndroidManifest.xml
	android:minSdkVersion
		INJECTED from magic-8-ball-android-vvklr\UIAppTemplate\AndroidManifest.xml
		ADDED from magic-8-ball-android-vvklr\UIAppTemplate\AndroidManifest.xml:7:5-47
		MERGED from magic-8-ball-android-vvklr\UIAppTemplate\AndroidManifest.xml:7:5-47
		INJECTED from magic-8-ball-android-vvklr\UIAppTemplate\AndroidManifest.xml
uses-permission#android.permission.ACCESS_NETWORK_STATE
ADDED from magic-8-ball-android-vvklr\UIAppTemplate\AndroidManifest.xml:9:5-79
MERGED from [com.google.firebase:firebase-iid:17.0.4] AndroidManifest.xml:22:5-79
MERGED from [com.google.firebase:firebase-iid:17.0.4] AndroidManifest.xml:22:5-79
	android:name
		ADDED from magic-8-ball-android-vvklr\UIAppTemplate\AndroidManifest.xml:9:22-76
uses-permission#android.permission.INTERNET
ADDED from magic-8-ball-android-vvklr\UIAppTemplate\AndroidManifest.xml:10:5-67
MERGED from [com.google.firebase:firebase-iid:17.0.4] AndroidManifest.xml:23:5-67
MERGED from [com.google.firebase:firebase-iid:17.0.4] AndroidManifest.xml:23:5-67
	android:name
		ADDED from magic-8-ball-android-vvklr\UIAppTemplate\AndroidManifest.xml:10:22-64
application
ADDED from magic-8-ball-android-vvklr\UIAppTemplate\AndroidManifest.xml:12:5-172:19
MERGED from [com.android.support:appcompat-v7:26.1.0] AndroidManifest.xml:25:5-29:19
MERGED from [com.android.support:appcompat-v7:26.1.0] AndroidManifest.xml:25:5-29:19
MERGED from [com.google.firebase:firebase-messaging:17.3.4] AndroidManifest.xml:22:5-35:19
MERGED from [com.google.firebase:firebase-messaging:17.3.4] AndroidManifest.xml:22:5-35:19
MERGED from [com.android.support:animated-vector-drawable:26.1.0] AndroidManifest.xml:22:5-26:19
MERGED from [com.android.support:animated-vector-drawable:26.1.0] AndroidManifest.xml:22:5-26:19
MERGED from [com.android.support:support-vector-drawable:26.1.0] AndroidManifest.xml:22:5-26:19
MERGED from [com.android.support:support-vector-drawable:26.1.0] AndroidManifest.xml:22:5-26:19
MERGED from [com.google.firebase:firebase-iid:17.0.4] AndroidManifest.xml:28:5-57:19
MERGED from [com.google.firebase:firebase-iid:17.0.4] AndroidManifest.xml:28:5-57:19
MERGED from [com.google.firebase:firebase-common:16.0.3] AndroidManifest.xml:9:5-15:19
MERGED from [com.google.firebase:firebase-common:16.0.3] AndroidManifest.xml:9:5-15:19
MERGED from [com.google.firebase:firebase-iid-interop:16.0.1] AndroidManifest.xml:7:5-8:19
MERGED from [com.google.firebase:firebase-iid-interop:16.0.1] AndroidManifest.xml:7:5-8:19
MERGED from [com.google.android.gms:play-services-base:16.0.1] AndroidManifest.xml:22:5-27:19
MERGED from [com.google.android.gms:play-services-base:16.0.1] AndroidManifest.xml:22:5-27:19
MERGED from [com.google.android.gms:play-services-tasks:16.0.1] AndroidManifest.xml:7:5-20
MERGED from [com.google.android.gms:play-services-tasks:16.0.1] AndroidManifest.xml:7:5-20
MERGED from [com.google.firebase:firebase-measurement-connector:17.0.1] AndroidManifest.xml:22:5-23:19
MERGED from [com.google.firebase:firebase-measurement-connector:17.0.1] AndroidManifest.xml:22:5-23:19
MERGED from [com.google.android.gms:play-services-stats:16.0.1] AndroidManifest.xml:7:5-20
MERGED from [com.google.android.gms:play-services-stats:16.0.1] AndroidManifest.xml:7:5-20
MERGED from [com.google.android.gms:play-services-basement:16.0.1] AndroidManifest.xml:22:5-26:19
MERGED from [com.google.android.gms:play-services-basement:16.0.1] AndroidManifest.xml:22:5-26:19
MERGED from [com.android.support:support-v4:26.1.0] AndroidManifest.xml:25:5-29:19
MERGED from [com.android.support:support-v4:26.1.0] AndroidManifest.xml:25:5-29:19
MERGED from [com.android.support:support-media-compat:26.1.0] AndroidManifest.xml:25:5-29:19
MERGED from [com.android.support:support-media-compat:26.1.0] AndroidManifest.xml:25:5-29:19
MERGED from [com.android.support:support-fragment:26.1.0] AndroidManifest.xml:25:5-29:19
MERGED from [com.android.support:support-fragment:26.1.0] AndroidManifest.xml:25:5-29:19
MERGED from [com.android.support:support-core-utils:26.1.0] AndroidManifest.xml:25:5-29:19
MERGED from [com.android.support:support-core-utils:26.1.0] AndroidManifest.xml:25:5-29:19
MERGED from [com.android.support:support-core-ui:26.1.0] AndroidManifest.xml:25:5-29:19
MERGED from [com.android.support:support-core-ui:26.1.0] AndroidManifest.xml:25:5-29:19
MERGED from [com.android.support:support-compat:26.1.0] AndroidManifest.xml:25:5-29:19
MERGED from [com.android.support:support-compat:26.1.0] AndroidManifest.xml:25:5-29:19
MERGED from [android.arch.lifecycle:runtime:1.0.0] AndroidManifest.xml:24:5-28:19
MERGED from [android.arch.lifecycle:runtime:1.0.0] AndroidManifest.xml:24:5-28:19
	android:label
		ADDED from magic-8-ball-android-vvklr\UIAppTemplate\AndroidManifest.xml:15:9-41
	android:icon
		ADDED from magic-8-ball-android-vvklr\UIAppTemplate\AndroidManifest.xml:14:9-45
	android:allowBackup
		ADDED from magic-8-ball-android-vvklr\UIAppTemplate\AndroidManifest.xml:13:9-35
	android:theme
		ADDED from magic-8-ball-android-vvklr\UIAppTemplate\AndroidManifest.xml:16:9-40
meta-data#google_analytics_adid_collection_enabled
ADDED from magic-8-ball-android-vvklr\UIAppTemplate\AndroidManifest.xml:18:9-100
	android:value
		ADDED from magic-8-ball-android-vvklr\UIAppTemplate\AndroidManifest.xml:18:76-97
	android:name
		ADDED from magic-8-ball-android-vvklr\UIAppTemplate\AndroidManifest.xml:18:20-75
activity#com.csform.android.uiapptemplate.MainActivity
ADDED from magic-8-ball-android-vvklr\UIAppTemplate\AndroidManifest.xml:20:9-29:20
	android:label
		ADDED from magic-8-ball-android-vvklr\UIAppTemplate\AndroidManifest.xml:22:13-45
	android:theme
		ADDED from magic-8-ball-android-vvklr\UIAppTemplate\AndroidManifest.xml:23:13-56
	android:name
		ADDED from magic-8-ball-android-vvklr\UIAppTemplate\AndroidManifest.xml:21:13-41
intent-filter#action:name:android.intent.action.MAIN+category:name:android.intent.category.LAUNCHER
ADDED from magic-8-ball-android-vvklr\UIAppTemplate\AndroidManifest.xml:24:13-28:29
action#android.intent.action.MAIN
ADDED from magic-8-ball-android-vvklr\UIAppTemplate\AndroidManifest.xml:25:17-69
	android:name
		ADDED from magic-8-ball-android-vvklr\UIAppTemplate\AndroidManifest.xml:25:25-66
category#android.intent.category.LAUNCHER
ADDED from magic-8-ball-android-vvklr\UIAppTemplate\AndroidManifest.xml:27:17-77
	android:name
		ADDED from magic-8-ball-android-vvklr\UIAppTemplate\AndroidManifest.xml:27:27-74
activity#com.csform.android.uiapptemplate.ParallaxKenBurnsActivity
ADDED from magic-8-ball-android-vvklr\UIAppTemplate\AndroidManifest.xml:30:9-32:55
	android:theme
		ADDED from magic-8-ball-android-vvklr\UIAppTemplate\AndroidManifest.xml:32:13-52
	android:name
		ADDED from magic-8-ball-android-vvklr\UIAppTemplate\AndroidManifest.xml:31:13-53
activity#com.csform.android.uiapptemplate.ParallaxActivity
ADDED from magic-8-ball-android-vvklr\UIAppTemplate\AndroidManifest.xml:33:9-54
	android:name
		ADDED from magic-8-ball-android-vvklr\UIAppTemplate\AndroidManifest.xml:33:19-51
activity#com.csform.android.uiapptemplate.ParallaxTravelActivity
ADDED from magic-8-ball-android-vvklr\UIAppTemplate\AndroidManifest.xml:34:9-60
	android:name
		ADDED from magic-8-ball-android-vvklr\UIAppTemplate\AndroidManifest.xml:34:19-57
activity#com.csform.android.uiapptemplate.ParallaxSocialActivity
ADDED from magic-8-ball-android-vvklr\UIAppTemplate\AndroidManifest.xml:35:9-60
	android:name
		ADDED from magic-8-ball-android-vvklr\UIAppTemplate\AndroidManifest.xml:35:19-57
activity#com.csform.android.uiapptemplate.ParallaxMediaActivity
ADDED from magic-8-ball-android-vvklr\UIAppTemplate\AndroidManifest.xml:36:9-59
	android:name
		ADDED from magic-8-ball-android-vvklr\UIAppTemplate\AndroidManifest.xml:36:19-56
activity#com.csform.android.uiapptemplate.ParallaxShopActivity
ADDED from magic-8-ball-android-vvklr\UIAppTemplate\AndroidManifest.xml:37:9-58
	android:name
		ADDED from magic-8-ball-android-vvklr\UIAppTemplate\AndroidManifest.xml:37:19-55
activity#com.csform.android.uiapptemplate.ImageGalleryCategoryActivity
ADDED from magic-8-ball-android-vvklr\UIAppTemplate\AndroidManifest.xml:38:9-40:56
	android:theme
		ADDED from magic-8-ball-android-vvklr\UIAppTemplate\AndroidManifest.xml:40:13-53
	android:name
		ADDED from magic-8-ball-android-vvklr\UIAppTemplate\AndroidManifest.xml:39:13-57
activity#com.csform.android.uiapptemplate.ImageGallerySubcategoryActivity
ADDED from magic-8-ball-android-vvklr\UIAppTemplate\AndroidManifest.xml:41:9-43:56
	android:theme
		ADDED from magic-8-ball-android-vvklr\UIAppTemplate\AndroidManifest.xml:43:13-53
	android:name
		ADDED from magic-8-ball-android-vvklr\UIAppTemplate\AndroidManifest.xml:42:13-60
activity#com.csform.android.uiapptemplate.LogInPageActivity
ADDED from magic-8-ball-android-vvklr\UIAppTemplate\AndroidManifest.xml:44:9-46:52
	android:screenOrientation
		ADDED from magic-8-ball-android-vvklr\UIAppTemplate\AndroidManifest.xml:46:13-49
	android:name
		ADDED from magic-8-ball-android-vvklr\UIAppTemplate\AndroidManifest.xml:45:13-46
activity#com.csform.android.uiapptemplate.RegisterPageActivity
ADDED from magic-8-ball-android-vvklr\UIAppTemplate\AndroidManifest.xml:47:9-49:52
	android:screenOrientation
		ADDED from magic-8-ball-android-vvklr\UIAppTemplate\AndroidManifest.xml:49:13-49
	android:name
		ADDED from magic-8-ball-android-vvklr\UIAppTemplate\AndroidManifest.xml:48:13-49
activity#com.csform.android.uiapptemplate.RegisterShopPageActivity
ADDED from magic-8-ball-android-vvklr\UIAppTemplate\AndroidManifest.xml:50:9-52:52
	android:screenOrientation
		ADDED from magic-8-ball-android-vvklr\UIAppTemplate\AndroidManifest.xml:52:13-49
	android:name
		ADDED from magic-8-ball-android-vvklr\UIAppTemplate\AndroidManifest.xml:51:13-53
activity#com.csform.android.uiapptemplate.SplashScreensActivity
ADDED from magic-8-ball-android-vvklr\UIAppTemplate\AndroidManifest.xml:53:9-59
	android:name
		ADDED from magic-8-ball-android-vvklr\UIAppTemplate\AndroidManifest.xml:53:19-56
activity#com.csform.android.uiapptemplate.ListViewsActivity
ADDED from magic-8-ball-android-vvklr\UIAppTemplate\AndroidManifest.xml:54:9-55
	android:name
		ADDED from magic-8-ball-android-vvklr\UIAppTemplate\AndroidManifest.xml:54:19-52
activity#com.csform.android.uiapptemplate.LeftMenusActivity
ADDED from magic-8-ball-android-vvklr\UIAppTemplate\AndroidManifest.xml:55:9-57:59
	android:theme
		ADDED from magic-8-ball-android-vvklr\UIAppTemplate\AndroidManifest.xml:57:13-56
	android:name
		ADDED from magic-8-ball-android-vvklr\UIAppTemplate\AndroidManifest.xml:56:13-46
activity#com.csform.android.uiapptemplate.LeftMenusTravelActivity
ADDED from magic-8-ball-android-vvklr\UIAppTemplate\AndroidManifest.xml:58:9-60:59
	android:theme
		ADDED from magic-8-ball-android-vvklr\UIAppTemplate\AndroidManifest.xml:60:13-56
	android:name
		ADDED from magic-8-ball-android-vvklr\UIAppTemplate\AndroidManifest.xml:59:13-52
activity#com.csform.android.uiapptemplate.LeftMenusSocialActivity
ADDED from magic-8-ball-android-vvklr\UIAppTemplate\AndroidManifest.xml:61:9-63:59
	android:theme
		ADDED from magic-8-ball-android-vvklr\UIAppTemplate\AndroidManifest.xml:63:13-56
	android:name
		ADDED from magic-8-ball-android-vvklr\UIAppTemplate\AndroidManifest.xml:62:13-52
activity#com.csform.android.uiapptemplate.LeftMenusMediaActivity
ADDED from magic-8-ball-android-vvklr\UIAppTemplate\AndroidManifest.xml:64:9-66:59
	android:theme
		ADDED from magic-8-ball-android-vvklr\UIAppTemplate\AndroidManifest.xml:66:13-56
	android:name
		ADDED from magic-8-ball-android-vvklr\UIAppTemplate\AndroidManifest.xml:65:13-51
activity#com.csform.android.uiapptemplate.LeftMenusShopActivity
ADDED from magic-8-ball-android-vvklr\UIAppTemplate\AndroidManifest.xml:67:9-69:59
	android:theme
		ADDED from magic-8-ball-android-vvklr\UIAppTemplate\AndroidManifest.xml:69:13-56
	android:name
		ADDED from magic-8-ball-android-vvklr\UIAppTemplate\AndroidManifest.xml:68:13-50
activity#com.csform.android.uiapptemplate.SearchBarsActivity
ADDED from magic-8-ball-android-vvklr\UIAppTemplate\AndroidManifest.xml:71:9-56
	android:name
		ADDED from magic-8-ball-android-vvklr\UIAppTemplate\AndroidManifest.xml:71:19-53
activity#com.csform.android.uiapptemplate.SearchBarShopActivity
ADDED from magic-8-ball-android-vvklr\UIAppTemplate\AndroidManifest.xml:72:9-74:57
	android:windowSoftInputMode
		ADDED from magic-8-ball-android-vvklr\UIAppTemplate\AndroidManifest.xml:74:13-54
	android:name
		ADDED from magic-8-ball-android-vvklr\UIAppTemplate\AndroidManifest.xml:73:13-50
activity#com.csform.android.uiapptemplate.SearchBarMediaActivity
ADDED from magic-8-ball-android-vvklr\UIAppTemplate\AndroidManifest.xml:75:9-77:57
	android:windowSoftInputMode
		ADDED from magic-8-ball-android-vvklr\UIAppTemplate\AndroidManifest.xml:77:13-54
	android:name
		ADDED from magic-8-ball-android-vvklr\UIAppTemplate\AndroidManifest.xml:76:13-51
activity#com.csform.android.uiapptemplate.CategoriesListViewActivity
ADDED from magic-8-ball-android-vvklr\UIAppTemplate\AndroidManifest.xml:78:9-64
	android:name
		ADDED from magic-8-ball-android-vvklr\UIAppTemplate\AndroidManifest.xml:78:19-61
activity#com.csform.android.uiapptemplate.DragAndDropSocialActivity
ADDED from magic-8-ball-android-vvklr\UIAppTemplate\AndroidManifest.xml:79:9-63
	android:name
		ADDED from magic-8-ball-android-vvklr\UIAppTemplate\AndroidManifest.xml:79:19-60
activity#com.csform.android.uiapptemplate.DragAndDropMediaActivity
ADDED from magic-8-ball-android-vvklr\UIAppTemplate\AndroidManifest.xml:80:9-62
	android:name
		ADDED from magic-8-ball-android-vvklr\UIAppTemplate\AndroidManifest.xml:80:19-59
activity#com.csform.android.uiapptemplate.DragAndDropShopActivity
ADDED from magic-8-ball-android-vvklr\UIAppTemplate\AndroidManifest.xml:81:9-61
	android:name
		ADDED from magic-8-ball-android-vvklr\UIAppTemplate\AndroidManifest.xml:81:19-58
activity#com.csform.android.uiapptemplate.DragAndDropTravelActivity
ADDED from magic-8-ball-android-vvklr\UIAppTemplate\AndroidManifest.xml:82:9-63
	android:name
		ADDED from magic-8-ball-android-vvklr\UIAppTemplate\AndroidManifest.xml:82:19-60
activity#com.csform.android.uiapptemplate.SwipToDissmissListViewActivity
ADDED from magic-8-ball-android-vvklr\UIAppTemplate\AndroidManifest.xml:83:9-68
	android:name
		ADDED from magic-8-ball-android-vvklr\UIAppTemplate\AndroidManifest.xml:83:19-65
activity#com.csform.android.uiapptemplate.SwipToDissmissMediaActivity
ADDED from magic-8-ball-android-vvklr\UIAppTemplate\AndroidManifest.xml:84:9-65
	android:name
		ADDED from magic-8-ball-android-vvklr\UIAppTemplate\AndroidManifest.xml:84:19-62
activity#com.csform.android.uiapptemplate.SwipToDissmissShopActivity
ADDED from magic-8-ball-android-vvklr\UIAppTemplate\AndroidManifest.xml:85:9-64
	android:name
		ADDED from magic-8-ball-android-vvklr\UIAppTemplate\AndroidManifest.xml:85:19-61
activity#com.csform.android.uiapptemplate.GoogleCardsActivity
ADDED from magic-8-ball-android-vvklr\UIAppTemplate\AndroidManifest.xml:86:9-57
	android:name
		ADDED from magic-8-ball-android-vvklr\UIAppTemplate\AndroidManifest.xml:86:19-54
activity#com.csform.android.uiapptemplate.GoogleCardsTravelActivity
ADDED from magic-8-ball-android-vvklr\UIAppTemplate\AndroidManifest.xml:87:9-63
	android:name
		ADDED from magic-8-ball-android-vvklr\UIAppTemplate\AndroidManifest.xml:87:19-60
activity#com.csform.android.uiapptemplate.GoogleCardsMediaActivity
ADDED from magic-8-ball-android-vvklr\UIAppTemplate\AndroidManifest.xml:88:9-62
	android:name
		ADDED from magic-8-ball-android-vvklr\UIAppTemplate\AndroidManifest.xml:88:19-59
activity#com.csform.android.uiapptemplate.GoogleCardsShopActivity
ADDED from magic-8-ball-android-vvklr\UIAppTemplate\AndroidManifest.xml:89:9-61
	android:name
		ADDED from magic-8-ball-android-vvklr\UIAppTemplate\AndroidManifest.xml:89:19-58
activity#com.csform.android.uiapptemplate.GoogleCardsSocialActivity
ADDED from magic-8-ball-android-vvklr\UIAppTemplate\AndroidManifest.xml:90:9-63
	android:name
		ADDED from magic-8-ball-android-vvklr\UIAppTemplate\AndroidManifest.xml:90:19-60
activity#com.csform.android.uiapptemplate.ExpandableListViewActivity
ADDED from magic-8-ball-android-vvklr\UIAppTemplate\AndroidManifest.xml:91:9-64
	android:name
		ADDED from magic-8-ball-android-vvklr\UIAppTemplate\AndroidManifest.xml:91:19-61
activity#com.csform.android.uiapptemplate.ExpandableMediaListViewActivity
ADDED from magic-8-ball-android-vvklr\UIAppTemplate\AndroidManifest.xml:92:9-69
	android:name
		ADDED from magic-8-ball-android-vvklr\UIAppTemplate\AndroidManifest.xml:92:19-66
activity#com.csform.android.uiapptemplate.ExpandableSocialListViewActivity
ADDED from magic-8-ball-android-vvklr\UIAppTemplate\AndroidManifest.xml:93:9-70
	android:name
		ADDED from magic-8-ball-android-vvklr\UIAppTemplate\AndroidManifest.xml:93:19-67
activity#com.csform.android.uiapptemplate.ExpandableTravelListViewActivity
ADDED from magic-8-ball-android-vvklr\UIAppTemplate\AndroidManifest.xml:94:9-70
	android:name
		ADDED from magic-8-ball-android-vvklr\UIAppTemplate\AndroidManifest.xml:94:19-67
activity#com.csform.android.uiapptemplate.ExpandableShopListViewActivity
ADDED from magic-8-ball-android-vvklr\UIAppTemplate\AndroidManifest.xml:95:9-68
	android:name
		ADDED from magic-8-ball-android-vvklr\UIAppTemplate\AndroidManifest.xml:95:19-65
activity#com.csform.android.uiapptemplate.StickyListHeadersActivity
ADDED from magic-8-ball-android-vvklr\UIAppTemplate\AndroidManifest.xml:96:9-63
	android:name
		ADDED from magic-8-ball-android-vvklr\UIAppTemplate\AndroidManifest.xml:96:19-60
activity#com.csform.android.uiapptemplate.DialogUniversalInfoActivity
ADDED from magic-8-ball-android-vvklr\UIAppTemplate\AndroidManifest.xml:97:9-65
	android:name
		ADDED from magic-8-ball-android-vvklr\UIAppTemplate\AndroidManifest.xml:97:19-62
activity#com.csform.android.uiapptemplate.DialogMediaActivity
ADDED from magic-8-ball-android-vvklr\UIAppTemplate\AndroidManifest.xml:98:9-57
	android:name
		ADDED from magic-8-ball-android-vvklr\UIAppTemplate\AndroidManifest.xml:98:19-54
activity#com.csform.android.uiapptemplate.DialogTravelActivity
ADDED from magic-8-ball-android-vvklr\UIAppTemplate\AndroidManifest.xml:99:9-58
	android:name
		ADDED from magic-8-ball-android-vvklr\UIAppTemplate\AndroidManifest.xml:99:19-55
activity#com.csform.android.uiapptemplate.DialogShopActivity
ADDED from magic-8-ball-android-vvklr\UIAppTemplate\AndroidManifest.xml:100:9-56
	android:name
		ADDED from magic-8-ball-android-vvklr\UIAppTemplate\AndroidManifest.xml:100:19-53
activity#com.csform.android.uiapptemplate.DialogSocialActivity
ADDED from magic-8-ball-android-vvklr\UIAppTemplate\AndroidManifest.xml:101:9-58
	android:name
		ADDED from magic-8-ball-android-vvklr\UIAppTemplate\AndroidManifest.xml:101:19-55
activity#com.csform.android.uiapptemplate.DialogUniversalWarningActivity
ADDED from magic-8-ball-android-vvklr\UIAppTemplate\AndroidManifest.xml:103:9-68
	android:name
		ADDED from magic-8-ball-android-vvklr\UIAppTemplate\AndroidManifest.xml:103:19-65
activity#com.csform.android.uiapptemplate.WizardTravelActivity
ADDED from magic-8-ball-android-vvklr\UIAppTemplate\AndroidManifest.xml:105:9-109:70
	android:screenOrientation
		ADDED from magic-8-ball-android-vvklr\UIAppTemplate\AndroidManifest.xml:107:13-49
	android:windowSoftInputMode
		ADDED from magic-8-ball-android-vvklr\UIAppTemplate\AndroidManifest.xml:109:13-67
	android:theme
		ADDED from magic-8-ball-android-vvklr\UIAppTemplate\AndroidManifest.xml:108:13-48
	android:name
		ADDED from magic-8-ball-android-vvklr\UIAppTemplate\AndroidManifest.xml:106:13-49
activity#com.csform.android.uiapptemplate.WizardMediaActivity
ADDED from magic-8-ball-android-vvklr\UIAppTemplate\AndroidManifest.xml:110:9-114:70
	android:screenOrientation
		ADDED from magic-8-ball-android-vvklr\UIAppTemplate\AndroidManifest.xml:112:13-49
	android:windowSoftInputMode
		ADDED from magic-8-ball-android-vvklr\UIAppTemplate\AndroidManifest.xml:114:13-67
	android:theme
		ADDED from magic-8-ball-android-vvklr\UIAppTemplate\AndroidManifest.xml:113:13-48
	android:name
		ADDED from magic-8-ball-android-vvklr\UIAppTemplate\AndroidManifest.xml:111:13-48
activity#com.csform.android.uiapptemplate.WizardShopActivity
ADDED from magic-8-ball-android-vvklr\UIAppTemplate\AndroidManifest.xml:115:9-119:70
	android:screenOrientation
		ADDED from magic-8-ball-android-vvklr\UIAppTemplate\AndroidManifest.xml:117:13-49
	android:windowSoftInputMode
		ADDED from magic-8-ball-android-vvklr\UIAppTemplate\AndroidManifest.xml:119:13-67
	android:theme
		ADDED from magic-8-ball-android-vvklr\UIAppTemplate\AndroidManifest.xml:118:13-48
	android:name
		ADDED from magic-8-ball-android-vvklr\UIAppTemplate\AndroidManifest.xml:116:13-47
activity#com.csform.android.uiapptemplate.WizardSocialActivity
ADDED from magic-8-ball-android-vvklr\UIAppTemplate\AndroidManifest.xml:120:9-124:70
	android:screenOrientation
		ADDED from magic-8-ball-android-vvklr\UIAppTemplate\AndroidManifest.xml:122:13-49
	android:windowSoftInputMode
		ADDED from magic-8-ball-android-vvklr\UIAppTemplate\AndroidManifest.xml:124:13-67
	android:theme
		ADDED from magic-8-ball-android-vvklr\UIAppTemplate\AndroidManifest.xml:123:13-48
	android:name
		ADDED from magic-8-ball-android-vvklr\UIAppTemplate\AndroidManifest.xml:121:13-49
activity#com.csform.android.uiapptemplate.WizardUniversalActivity
ADDED from magic-8-ball-android-vvklr\UIAppTemplate\AndroidManifest.xml:125:9-129:70
	android:screenOrientation
		ADDED from magic-8-ball-android-vvklr\UIAppTemplate\AndroidManifest.xml:127:13-49
	android:windowSoftInputMode
		ADDED from magic-8-ball-android-vvklr\UIAppTemplate\AndroidManifest.xml:129:13-67
	android:theme
		ADDED from magic-8-ball-android-vvklr\UIAppTemplate\AndroidManifest.xml:128:13-48
	android:name
		ADDED from magic-8-ball-android-vvklr\UIAppTemplate\AndroidManifest.xml:126:13-52
activity#com.csform.android.uiapptemplate.TabMediaActivity
ADDED from magic-8-ball-android-vvklr\UIAppTemplate\AndroidManifest.xml:130:9-134:70
	android:screenOrientation
		ADDED from magic-8-ball-android-vvklr\UIAppTemplate\AndroidManifest.xml:132:13-49
	android:windowSoftInputMode
		ADDED from magic-8-ball-android-vvklr\UIAppTemplate\AndroidManifest.xml:134:13-67
	android:theme
		ADDED from magic-8-ball-android-vvklr\UIAppTemplate\AndroidManifest.xml:133:13-48
	android:name